Compiled jquery.js  (21ms)  (pid 4741)
Compiled jquery_ujs.js  (0ms)  (pid 4741)
Compiled application.js  (41ms)  (pid 4741)
Compiled application.css  (0ms)  (pid 4741)
Compiled jquery.js  (22ms)  (pid 4741)
Compiled jquery_ujs.js  (0ms)  (pid 4741)
Compiled application.js  (41ms)  (pid 4741)
Compiled application.css  (0ms)  (pid 4741)
Compiled jquery.js  (2ms)  (pid 28319)
Compiled jquery_ujs.js  (23ms)  (pid 28319)
Compiled bootstrap.js  (1ms)  (pid 28319)
Compiled underscore.js  (1ms)  (pid 28319)
Compiled backbone.js  (1ms)  (pid 28319)
Compiled templates/create-task.js  (0ms)  (pid 28319)
Compiled templates/schedule.js  (0ms)  (pid 28319)
Compiled templates/test.js  (0ms)  (pid 28319)
Compiled setup.js  (0ms)  (pid 28319)
Compiled home.js  (0ms)  (pid 28319)
Compiled lib/time.js  (0ms)  (pid 28319)
Compiled main.js  (0ms)  (pid 28319)
Compiled schedule.js  (0ms)  (pid 28319)
Compiled views/calendar_view.js  (0ms)  (pid 28319)
Compiled views/create_task_view.js  (0ms)  (pid 28319)
Compiled views/itinerary_task_view.js  (0ms)  (pid 28319)
Compiled views/itinerary_view.js  (0ms)  (pid 28319)
Compiled views/schedule_view.js  (0ms)  (pid 28319)
Compiled application.js  (231ms)  (pid 28319)
Compiled bootstrap.css  (0ms)  (pid 28319)
Compiled home.css  (10ms)  (pid 28319)
Compiled schedule.css  (27ms)  (pid 28319)
Compiled user.css  (2ms)  (pid 28319)
Compiled application.css  (69ms)  (pid 28319)
Compiled jquery.js  (3ms)  (pid 28319)
Compiled jquery_ujs.js  (0ms)  (pid 28319)
Compiled bootstrap.js  (1ms)  (pid 28319)
Compiled underscore.js  (0ms)  (pid 28319)
Compiled backbone.js  (1ms)  (pid 28319)
Compiled templates/create-task.js  (0ms)  (pid 28319)
Compiled templates/schedule.js  (0ms)  (pid 28319)
Compiled templates/test.js  (3ms)  (pid 28319)
Compiled setup.js  (0ms)  (pid 28319)
Compiled home.js  (0ms)  (pid 28319)
Compiled lib/time.js  (0ms)  (pid 28319)
Compiled main.js  (0ms)  (pid 28319)
Compiled schedule.js  (0ms)  (pid 28319)
Compiled views/calendar_view.js  (0ms)  (pid 28319)
Compiled views/create_task_view.js  (0ms)  (pid 28319)
Compiled views/itinerary_task_view.js  (0ms)  (pid 28319)
Compiled views/itinerary_view.js  (0ms)  (pid 28319)
Compiled views/schedule_view.js  (0ms)  (pid 28319)
Compiled application.js  (249ms)  (pid 28319)
Compiled bootstrap.css  (0ms)  (pid 28319)
Compiled home.css  (11ms)  (pid 28319)
Compiled schedule.css  (37ms)  (pid 28319)
Compiled user.css  (1ms)  (pid 28319)
Compiled application.css  (83ms)  (pid 28319)
Compiled jquery.js  (3ms)  (pid 30670)
Compiled jquery_ujs.js  (0ms)  (pid 30670)
Compiled bootstrap.js  (0ms)  (pid 30670)
Compiled underscore.js  (0ms)  (pid 30670)
Compiled backbone.js  (0ms)  (pid 30670)
Compiled templates/create-task.js  (0ms)  (pid 30670)
Compiled templates/schedule.js  (0ms)  (pid 30670)
Compiled setup.js  (0ms)  (pid 30670)
Compiled main.js  (0ms)  (pid 30670)
Compiled lib/time.js  (0ms)  (pid 30670)
Compiled views/calendar_view.js  (0ms)  (pid 30670)
Compiled views/create_task_view.js  (0ms)  (pid 30670)
Compiled views/itinerary_task_view.js  (0ms)  (pid 30670)
Compiled views/itinerary_view.js  (0ms)  (pid 30670)
Compiled views/schedule_view.js  (0ms)  (pid 30670)
Compiled application.js  (229ms)  (pid 30670)
Compiled bootstrap.css  (0ms)  (pid 30670)
Compiled home.css  (11ms)  (pid 30670)
Compiled schedule.css  (20ms)  (pid 30670)
Compiled user.css  (1ms)  (pid 30670)
Compiled application.css  (85ms)  (pid 30670)
Compiled jquery.js  (2ms)  (pid 30670)
Compiled jquery_ujs.js  (0ms)  (pid 30670)
Compiled bootstrap.js  (0ms)  (pid 30670)
Compiled underscore.js  (0ms)  (pid 30670)
Compiled backbone.js  (0ms)  (pid 30670)
Compiled templates/create-task.js  (0ms)  (pid 30670)
Compiled templates/schedule.js  (0ms)  (pid 30670)
Compiled setup.js  (0ms)  (pid 30670)
Compiled main.js  (0ms)  (pid 30670)
Compiled lib/time.js  (0ms)  (pid 30670)
Compiled views/calendar_view.js  (0ms)  (pid 30670)
Compiled views/create_task_view.js  (0ms)  (pid 30670)
Compiled views/itinerary_task_view.js  (0ms)  (pid 30670)
Compiled views/itinerary_view.js  (0ms)  (pid 30670)
Compiled views/schedule_view.js  (0ms)  (pid 30670)
Compiled application.js  (142ms)  (pid 30670)
Compiled bootstrap.css  (0ms)  (pid 30670)
Compiled home.css  (13ms)  (pid 30670)
Compiled schedule.css  (29ms)  (pid 30670)
Compiled user.css  (2ms)  (pid 30670)
Compiled application.css  (71ms)  (pid 30670)
